<?xml version="1.0" encoding="UTF-8"?>
<!-- Generated by org.testng.reporters.JUnitReportReporter -->
<testsuite skipped="0" hostname="DESKTOP-QR8RANU" name="com.qa.rest.testclassess.GETAPITEST" tests="1" failures="0" timestamp="02 Oct 2020 09:35:01 GMT" time="4.778" errors="0">
  <testcase name="verifyCompanyData" time="4.778" classname="com.qa.rest.testclassess.GETAPITEST"/>
</testsuite> <!-- com.qa.rest.testclassess.GETAPITEST -->
